0 info it worked if it ends with ok
1 verbose cli [ '/usr/local/bin/node', '/usr/local/bin/npm', 'start' ]
2 info using npm@3.9.2
3 info using node@v5.1.0
4 verbose run-script [ 'prestart', 'start', 'poststart' ]
5 info lifecycle music-theory@0.1.0~prestart: music-theory@0.1.0
6 silly lifecycle music-theory@0.1.0~prestart: no script for prestart, continuing
7 info lifecycle music-theory@0.1.0~start: music-theory@0.1.0
8 verbose lifecycle music-theory@0.1.0~start: unsafe-perm in lifecycle true
9 verbose lifecycle music-theory@0.1.0~start: PATH: /usr/local/lib/node_modules/npm/bin/node-gyp-bin:/Users/joshrouwhorst/Documents/Projects/Joshs/MusicTheory/node_modules/.bin:/usr/local/bin:/Users/joshrouwhorst/.rvm/gems/ruby-1.9.3-p392/bin:/Users/joshrouwhorst/.rvm/gems/ruby-1.9.3-p392@global/bin:/Users/joshrouwhorst/.rvm/rubies/ruby-1.9.3-p392/bin:/usr/local/bin:/usr/bin:/bin:/usr/sbin:/sbin:/usr/local/share/dotnet:/Users/joshrouwhorst/.rvm/bin
10 verbose lifecycle music-theory@0.1.0~start: CWD: /Users/joshrouwhorst/Documents/Projects/Joshs/MusicTheory
11 silly lifecycle music-theory@0.1.0~start: Args: [ '-c', 'gulp watch' ]
12 silly lifecycle music-theory@0.1.0~start: Returned: code: 1  signal: null
13 info lifecycle music-theory@0.1.0~start: Failed to exec start script
14 verbose stack Error: music-theory@0.1.0 start: `gulp watch`
14 verbose stack Exit status 1
14 verbose stack     at EventEmitter.<anonymous> (/usr/local/lib/node_modules/npm/lib/utils/lifecycle.js:245:16)
14 verbose stack     at emitTwo (events.js:87:13)
14 verbose stack     at EventEmitter.emit (events.js:172:7)
14 verbose stack     at ChildProcess.<anonymous> (/usr/local/lib/node_modules/npm/lib/utils/spawn.js:24:14)
14 verbose stack     at emitTwo (events.js:87:13)
14 verbose stack     at ChildProcess.emit (events.js:172:7)
14 verbose stack     at maybeClose (internal/child_process.js:818:16)
14 verbose stack     at Process.ChildProcess._handle.onexit (internal/child_process.js:211:5)
15 verbose pkgid music-theory@0.1.0
16 verbose cwd /Users/joshrouwhorst/Documents/Projects/Joshs/MusicTheory
17 error Darwin 16.0.0
18 error argv "/usr/local/bin/node" "/usr/local/bin/npm" "start"
19 error node v5.1.0
20 error npm  v3.9.2
21 error code ELIFECYCLE
22 error music-theory@0.1.0 start: `gulp watch`
22 error Exit status 1
23 error Failed at the music-theory@0.1.0 start script 'gulp watch'.
23 error Make sure you have the latest version of node.js and npm installed.
23 error If you do, this is most likely a problem with the music-theory package,
23 error not with npm itself.
23 error Tell the author that this fails on your system:
23 error     gulp watch
23 error You can get information on how to open an issue for this project with:
23 error     npm bugs music-theory
23 error Or if that isn't available, you can get their info via:
23 error     npm owner ls music-theory
23 error There is likely additional logging output above.
24 verbose exit [ 1, true ]
